-------------------------------------------------------------------------------
Test set: autoCourse2.automation.Lesson7HW
-------------------------------------------------------------------------------
Tests run: 2, Failures: 1, Errors: 0, Skipped: 0, Time elapsed: 28.158 s <<< FAILURE! - in autoCourse2.automation.Lesson7HW
testQ1(autoCourse2.automation.Lesson7HW)  Time elapsed: 28.158 s  <<< FAILURE!
java.lang.AssertionError: Test failed  - price was below
	at autoCourse2.automation.Lesson7HW.testQ1(Lesson7HW.java:32)

