<?xml version="1.0" encoding="UTF-8"?>
<testsuite xmlns:xsi="http://www.w3.org/2001/XMLSchema-instance" xsi:noNamespaceSchemaLocation="https://maven.apache.org/surefire/maven-surefire-plugin/xsd/surefire-test-report.xsd" name="autoCourse2.automation.Lesson7HW" time="28.158" tests="2" errors="0" skipped="0" failures="1">
  <properties>
[...]
</properties>
  <testcase name="testQ2" classname="autoCourse2.automation.Lesson7HW" time="20.466"/>
  <testcase name="testQ1" classname="autoCourse2.automation.Lesson7HW" time="28.158">
    <failure message="Test failed  - price was below" type="java.lang.AssertionError">java.lang.AssertionError: Test failed  - price was below
	at autoCourse2.automation.Lesson7HW.testQ1(Lesson7HW.java:32)
</failure>
    <system-out><![CDATA[price is: 210230
]]></system-out>
    <system-err><![CDATA[ינו 17, 2018 4:55:40 PM org.openqa.selenium.remote.ProtocolHandshake createSession
INFO: Detected dialect: OSS
]]></system-err>
  </testcase>
</testsuite>